<?xml version="1.0" encoding="UTF-8"?>
<!-- Generated by org.testng.reporters.JUnitXMLReporter -->
<testsuite ignored="0" hostname="Nawaz" failures="0" tests="1" name="Test2" time="0.122" errors="0" timestamp="2023-07-15T15:25:17 IST">
  <testcase classname="genricUtility.BaseClass" name="@BeforeClass launch" time="0.013">
    <failure type="java.io.FileNotFoundException" message=".\eclipse2022_12\leo\pro.properties (The system cannot find the path specified)">
      <![CDATA[java.io.FileNotFoundException: .\eclipse2022_12\leo\pro.properties (The system cannot find the path specified)
at java.base/java.io.FileInputStream.open0(Native Method)
at java.base/java.io.FileInputStream.open(FileInputStream.java:216)
at java.base/java.io.FileInputStream.<init>(FileInputStream.java:157)
at java.base/java.io.FileInputStream.<init>(FileInputStream.java:111)
at genricUtility.PropertyFile.propertiesFile(PropertyFile.java:10)
at genricUtility.BaseClass.launch(BaseClass.java:20)
at java.base/java.util.ArrayList.forEach(ArrayList.java:1511)
at java.base/java.util.concurrent.FutureTask.run(FutureTask.java:264)
at java.base/java.util.concurrent.ThreadPoolExecutor.runWorker(ThreadPoolExecutor.java:1136)
at java.base/java.util.concurrent.ThreadPoolExecutor$Worker.run(ThreadPoolExecutor.java:635)
at java.base/java.lang.Thread.run(Thread.java:833)
... Removed 16 stack frames]]>
    </failure>
  </testcase> <!-- @BeforeClass launch -->
  <testcase classname="genricUtility.BaseClass" name="@AfterClass closei" time="-1.689414917691E9">
    <skipped/>
  </testcase> <!-- @AfterClass closei -->
  <testcase classname="com.lauching.Login" name="amzon" time="0.0">
    <skipped/>
  </testcase> <!-- amzon -->
</testsuite> <!-- Test2 -->
